<?xml version="1.0" encoding="UTF-8"?>
<robot generator="Robot 6.0.2 (Python 3.11.1 on win32)" generated="20230127 10:30:04.511" rpa="false" schemaversion="3">
<suite id="s1" name="Demo 2" source="C:\Robot_projects\api_suite\Demo_2.robot">
<kw name="Create Session" library="RequestsLibrary" type="SETUP">
<arg>alias=petshop</arg>
<arg>url=https://petstore.swagger.io/v2</arg>
<doc>Create Session: create a HTTP session to a server</doc>
<msg timestamp="20230127 10:30:04.703" level="INFO">Creating Session using : alias=petshop, url=https://petstore.swagger.io/v2, headers={},                     cookies={}, auth=None, timeout=None, proxies=None, verify=False,                     debug=0 </msg>
<status status="PASS" starttime="20230127 10:30:04.702" endtime="20230127 10:30:04.705"/>
</kw>
<test id="s1-t1" name="TC3" line="15">
<kw name="GET On Session" library="RequestsLibrary">
<var>${response}</var>
<arg>alias=petshop</arg>
<arg>url=pet/findByStatus?status=Sold</arg>
<doc>Sends a GET request on a previously created HTTP Session.</doc>
<msg timestamp="20230127 10:30:05.946" level="INFO">GET Request : url=https://petstore.swagger.io/v2/pet/findByStatus?status=Sold 
 path_url=/v2/pet/findByStatus?status=Sold 
 headers={'User-Agent': 'python-requests/2.28.2', 'Accept-Encoding': 'gzip, deflate', 'Accept': '*/*', 'Connection': 'keep-alive'} 
 body=None 
 </msg>
<msg timestamp="20230127 10:30:05.946" level="INFO">GET Response : url=https://petstore.swagger.io/v2/pet/findByStatus?status=Sold 
 status=200, reason=OK 
 headers={'Date': 'Fri, 27 Jan 2023 05:00:05 GMT', 'Content-Type': 'application/json', 'Transfer-Encoding': 'chunked', 'Connection': 'keep-alive', 'Access-Control-Allow-Origin': '*', 'Access-Control-Allow-Methods': 'GET, POST, DELETE, PUT', 'Access-Control-Allow-Headers': 'Content-Type, api_key, Authorization', 'Server': 'Jetty(9.2.9.v20150224)'} 
 body=[] 
 </msg>
<msg timestamp="20230127 10:30:05.946" level="INFO">C:\Users\40032476\AppData\Local\Programs\Python\Python311\Lib\site-packages\urllib3\connectionpool.py:1045: InsecureRequestWarning: Unverified HTTPS request is being made to host 'petstore.swagger.io'. Adding certificate verification is strongly advised. See: https://urllib3.readthedocs.io/en/1.26.x/advanced-usage.html#ssl-warnings
  warnings.warn(</msg>
<msg timestamp="20230127 10:30:05.946" level="INFO">${response} = &lt;Response [200]&gt;</msg>
<status status="PASS" starttime="20230127 10:30:04.707" endtime="20230127 10:30:05.946"/>
</kw>
<kw name="Status Should Be" library="RequestsLibrary">
<arg>200</arg>
<doc>Fails if response status code is different than the expected.</doc>
<status status="PASS" starttime="20230127 10:30:05.946" endtime="20230127 10:30:05.946"/>
</kw>
<kw name="Log" library="BuiltIn">
<arg>${response.json()}</arg>
<doc>Logs the given message with the given level.</doc>
<msg timestamp="20230127 10:30:05.946" level="INFO">[]</msg>
<status status="PASS" starttime="20230127 10:30:05.946" endtime="20230127 10:30:05.946"/>
</kw>
<kw name="Log" library="BuiltIn">
<arg>${response.json()}[0][1]</arg>
<doc>Logs the given message with the given level.</doc>
<msg timestamp="20230127 10:30:05.946" level="FAIL">List '${response.json()}' has no item in index 0.</msg>
<status status="FAIL" starttime="20230127 10:30:05.946" endtime="20230127 10:30:05.946"/>
</kw>
<status status="FAIL" starttime="20230127 10:30:04.705" endtime="20230127 10:30:05.946">List '${response.json()}' has no item in index 0.</status>
</test>
<status status="FAIL" starttime="20230127 10:30:04.511" endtime="20230127 10:30:05.946"/>
</suite>
<statistics>
<total>
<stat pass="0" fail="1" skip="0">All Tests</stat>
</total>
<tag>
</tag>
<suite>
<stat pass="0" fail="1" skip="0" id="s1" name="Demo 2">Demo 2</stat>
</suite>
</statistics>
<errors>
</errors>
</robot>
