<?xml version="1.0" encoding="UTF-8"?>
<robot generator="Robot 6.0.2 (Python 3.11.1 on win32)" generated="20230124 11:32:59.537" rpa="false" schemaversion="3">
<suite id="s1" name="Demo12 open emr" source="C:\Robot_projects\Selenium_suite\Demo12_open_emr.robot">
<test id="s1-t1" name="TC1" line="4">
<kw name="Open Browser" library="SeleniumLibrary">
<arg>browser=Chrome</arg>
<doc>Opens a new browser instance to the optional ``url``.</doc>
<msg timestamp="20230124 11:33:00.593" level="INFO">Opening browser 'Chrome' to base url 'None'.</msg>
<status status="PASS" starttime="20230124 11:33:00.592" endtime="20230124 11:33:03.789"/>
</kw>
<kw name="Maximize Browser Window" library="SeleniumLibrary">
<doc>Maximizes current browser window.</doc>
<status status="PASS" starttime="20230124 11:33:03.790" endtime="20230124 11:33:03.964"/>
</kw>
<kw name="Set Selenium Implicit Wait" library="SeleniumLibrary">
<arg>30s</arg>
<doc>Sets the implicit wait value used by Selenium.</doc>
<status status="PASS" starttime="20230124 11:33:03.966" endtime="20230124 11:33:03.973"/>
</kw>
<kw name="Go To" library="SeleniumLibrary">
<arg>url=http://demo.openemr.io/b/openemr/</arg>
<doc>Navigates the current browser window to the provided ``url``.</doc>
<msg timestamp="20230124 11:33:03.974" level="INFO">Opening url 'http://demo.openemr.io/b/openemr/'</msg>
<status status="PASS" starttime="20230124 11:33:03.974" endtime="20230124 11:33:11.580"/>
</kw>
<kw name="Input Text" library="SeleniumLibrary">
<arg>id=authUser</arg>
<arg>admin</arg>
<doc>Types the given ``text`` into the text field identified by ``locator``.</doc>
<msg timestamp="20230124 11:33:11.581" level="INFO">Typing text 'admin' into text field 'id=authUser'.</msg>
<status status="PASS" starttime="20230124 11:33:11.581" endtime="20230124 11:33:11.741"/>
</kw>
<kw name="Input Text" library="SeleniumLibrary">
<arg>id=clearPass</arg>
<arg>pass</arg>
<doc>Types the given ``text`` into the text field identified by ``locator``.</doc>
<msg timestamp="20230124 11:33:11.741" level="INFO">Typing text 'pass' into text field 'id=clearPass'.</msg>
<status status="PASS" starttime="20230124 11:33:11.741" endtime="20230124 11:33:11.874"/>
</kw>
<kw name="Select From List By Label" library="SeleniumLibrary">
<arg>name=languageChoice</arg>
<arg>English (Indian)</arg>
<doc>Selects options from selection list ``locator`` by ``labels``.</doc>
<msg timestamp="20230124 11:33:11.874" level="INFO">Selecting options from selection list 'name=languageChoice' by label English (Indian).</msg>
<status status="PASS" starttime="20230124 11:33:11.874" endtime="20230124 11:33:12.044"/>
</kw>
<kw name="Click Button" library="SeleniumLibrary">
<arg>id=login-button</arg>
<doc>Clicks the button identified by ``locator``.</doc>
<msg timestamp="20230124 11:33:12.047" level="INFO">Clicking button 'id=login-button'.</msg>
<status status="PASS" starttime="20230124 11:33:12.045" endtime="20230124 11:33:18.846"/>
</kw>
<kw name="Click Element" library="SeleniumLibrary">
<arg>xpath=//div[text()='Patient']</arg>
<doc>Click the element identified by ``locator``.</doc>
<msg timestamp="20230124 11:33:18.851" level="INFO">Clicking element 'xpath=//div[text()='Patient']'.</msg>
<status status="PASS" starttime="20230124 11:33:18.846" endtime="20230124 11:33:18.959"/>
</kw>
<kw name="Click Element" library="SeleniumLibrary">
<arg>xpath=//div[text()='New/Search']</arg>
<doc>Click the element identified by ``locator``.</doc>
<msg timestamp="20230124 11:33:18.960" level="INFO">Clicking element 'xpath=//div[text()='New/Search']'.</msg>
<status status="PASS" starttime="20230124 11:33:18.959" endtime="20230124 11:33:19.141"/>
</kw>
<kw name="Select Frame" library="SeleniumLibrary">
<arg>xpath=//iframe[@name='pat']</arg>
<doc>Sets frame identified by ``locator`` as the current frame.</doc>
<msg timestamp="20230124 11:33:19.142" level="INFO">Selecting frame 'xpath=//iframe[@name='pat']'.</msg>
<status status="PASS" starttime="20230124 11:33:19.141" endtime="20230124 11:33:21.021"/>
</kw>
<kw name="Select From List By Label" library="SeleniumLibrary">
<arg>name=form_title</arg>
<arg>Mr.</arg>
<doc>Selects options from selection list ``locator`` by ``labels``.</doc>
<msg timestamp="20230124 11:33:21.022" level="INFO">Selecting options from selection list 'name=form_title' by label Mr..</msg>
<status status="PASS" starttime="20230124 11:33:21.021" endtime="20230124 11:33:21.357"/>
</kw>
<kw name="Input Text" library="SeleniumLibrary">
<arg>id=form_fname</arg>
<arg>jaswanth</arg>
<doc>Types the given ``text`` into the text field identified by ``locator``.</doc>
<msg timestamp="20230124 11:33:21.359" level="INFO">Typing text 'jaswanth' into text field 'id=form_fname'.</msg>
<status status="PASS" starttime="20230124 11:33:21.357" endtime="20230124 11:33:21.681"/>
</kw>
<kw name="Input Text" library="SeleniumLibrary">
<arg>id=form_mname</arg>
<arg>kothabali</arg>
<doc>Types the given ``text`` into the text field identified by ``locator``.</doc>
<msg timestamp="20230124 11:33:21.681" level="INFO">Typing text 'kothabali' into text field 'id=form_mname'.</msg>
<status status="PASS" starttime="20230124 11:33:21.681" endtime="20230124 11:33:21.836"/>
</kw>
<kw name="Input Text" library="SeleniumLibrary">
<arg>id=form_lname</arg>
<arg>reddi gari</arg>
<doc>Types the given ``text`` into the text field identified by ``locator``.</doc>
<msg timestamp="20230124 11:33:21.837" level="INFO">Typing text 'reddi gari' into text field 'id=form_lname'.</msg>
<status status="PASS" starttime="20230124 11:33:21.836" endtime="20230124 11:33:22.060"/>
</kw>
<kw name="Select From List By Label" library="SeleniumLibrary">
<arg>name=form_sex</arg>
<arg>Male</arg>
<doc>Selects options from selection list ``locator`` by ``labels``.</doc>
<msg timestamp="20230124 11:33:22.062" level="INFO">Selecting options from selection list 'name=form_sex' by label Male.</msg>
<status status="PASS" starttime="20230124 11:33:22.060" endtime="20230124 11:33:22.250"/>
</kw>
<kw name="Input Text" library="SeleniumLibrary">
<arg>name=form_DOB</arg>
<arg>24/01/2000</arg>
<doc>Types the given ``text`` into the text field identified by ``locator``.</doc>
<msg timestamp="20230124 11:33:22.250" level="INFO">Typing text '24/01/2000' into text field 'name=form_DOB'.</msg>
<status status="PASS" starttime="20230124 11:33:22.250" endtime="20230124 11:33:22.549"/>
</kw>
<kw name="Input Text" library="SeleniumLibrary">
<arg>id=form_ss</arg>
<arg>296733806723</arg>
<doc>Types the given ``text`` into the text field identified by ``locator``.</doc>
<msg timestamp="20230124 11:33:22.549" level="INFO">Typing text '296733806723' into text field 'id=form_ss'.</msg>
<status status="PASS" starttime="20230124 11:33:22.549" endtime="20230124 11:33:22.866"/>
</kw>
<kw name="Select From List By Label" library="SeleniumLibrary">
<arg>id=form_status</arg>
<arg>Single</arg>
<doc>Selects options from selection list ``locator`` by ``labels``.</doc>
<msg timestamp="20230124 11:33:22.869" level="INFO">Selecting options from selection list 'id=form_status' by label Single.</msg>
<status status="PASS" starttime="20230124 11:33:22.866" endtime="20230124 11:33:23.089"/>
</kw>
<kw name="Click Button" library="SeleniumLibrary">
<arg>xpath=//button[@id='create']</arg>
<doc>Clicks the button identified by ``locator``.</doc>
<msg timestamp="20230124 11:33:23.092" level="INFO">Clicking button 'xpath=//button[@id='create']'.</msg>
<status status="PASS" starttime="20230124 11:33:23.089" endtime="20230124 11:33:23.467"/>
</kw>
<kw name="Unselect Frame" library="SeleniumLibrary">
<doc>Sets the main frame as the current frame.</doc>
<status status="PASS" starttime="20230124 11:33:23.468" endtime="20230124 11:33:23.474"/>
</kw>
<kw name="Select Frame" library="SeleniumLibrary">
<arg>xpath=//iframe[@id='modalframe']</arg>
<doc>Sets frame identified by ``locator`` as the current frame.</doc>
<msg timestamp="20230124 11:33:23.476" level="INFO">Selecting frame 'xpath=//iframe[@id='modalframe']'.</msg>
<status status="PASS" starttime="20230124 11:33:23.475" endtime="20230124 11:33:25.047"/>
</kw>
<kw name="Click Element" library="SeleniumLibrary">
<arg>xpath=//input[@class='btn btn-primary']</arg>
<doc>Click the element identified by ``locator``.</doc>
<msg timestamp="20230124 11:33:25.047" level="INFO">Clicking element 'xpath=//input[@class='btn btn-primary']'.</msg>
<status status="PASS" starttime="20230124 11:33:25.047" endtime="20230124 11:33:25.214"/>
</kw>
<kw name="Handle Alert" library="SeleniumLibrary">
<var>${alert_text}</var>
<arg>action=ACCEPT</arg>
<arg>timeout=10s</arg>
<doc>Handles the current alert and returns its message.</doc>
<msg timestamp="20230124 11:33:25.216" level="INFO">HANDLE::&lt;class 'datetime.timedelta'&gt;::0:00:10</msg>
<msg timestamp="20230124 11:33:33.314" level="INFO">${alert_text} = New Due Clinical Reminders  Measurement: Weight Assessment: Tobacco  (See the Clinical Reminders widget for more details)</msg>
<status status="PASS" starttime="20230124 11:33:25.214" endtime="20230124 11:33:33.314"/>
</kw>
<kw name="Log To Console" library="BuiltIn">
<arg>${alert_text}</arg>
<doc>Logs the given message to the console.</doc>
<status status="PASS" starttime="20230124 11:33:33.317" endtime="20230124 11:33:33.318"/>
</kw>
<kw name="Click Element" library="SeleniumLibrary">
<arg>xpath=//div[@class='closeDlgIframe']</arg>
<doc>Click the element identified by ``locator``.</doc>
<msg timestamp="20230124 11:33:33.319" level="INFO">Clicking element 'xpath=//div[@class='closeDlgIframe']'.</msg>
<status status="PASS" starttime="20230124 11:33:33.318" endtime="20230124 11:33:33.405"/>
</kw>
<kw name="Element Should Contain" library="SeleniumLibrary">
<arg>xpath=//a[@title='To Dashboard']</arg>
<arg>jaswanth reddi gari</arg>
<doc>Verifies that element ``locator`` contains text ``expected``.</doc>
<msg timestamp="20230124 11:33:33.448" level="INFO">Element 'xpath=//a[@title='To Dashboard']' contains text 'jaswanth reddi gari'.</msg>
<status status="PASS" starttime="20230124 11:33:33.406" endtime="20230124 11:33:33.448"/>
</kw>
<status status="PASS" starttime="20230124 11:33:00.576" endtime="20230124 11:33:33.448"/>
</test>
<status status="PASS" starttime="20230124 11:32:59.544" endtime="20230124 11:33:33.448"/>
</suite>
<statistics>
<total>
<stat pass="1" fail="0" skip="0">All Tests</stat>
</total>
<tag>
</tag>
<suite>
<stat pass="1" fail="0" skip="0" id="s1" name="Demo12 open emr">Demo12 open emr</stat>
</suite>
</statistics>
<errors>
</errors>
</robot>
