<?xml version="1.0" encoding="UTF-8"?>
<robot generator="Robot 6.0.2 (Python 3.11.1 on win32)" generated="20230123 16:54:06.989" rpa="false" schemaversion="3">
<suite id="s1" name="Demo4 Uiselector" source="C:\Robot_projects\appium_suite\Demo4_Uiselector.robot">
<test id="s1-t1" name="TC2" line="50">
<kw name="Open Application" library="AppiumLibrary">
<arg>remote_url=http://localhost:4723/wd/hub</arg>
<arg>platformName=android</arg>
<arg>deviceName=realme7i</arg>
<arg>app=C:${/}Users${/}40032476${/}Downloads${/}khan-academy-7-3-2.apk</arg>
<arg>noReser=true</arg>
<doc>Opens a new application to given Appium server.
Capabilities of appium server, Android and iOS,
Please check https://github.com/appium/appium/blob/master/docs/en/writing-running-appium/server-args.md
| *Option*            | *Man.* | *Description*     |
| remote_url          | Yes    | Appium server url |
| alias               | no     | alias             |
| strict_ssl          | No     | allows you to send commands to an invalid certificate host like a self-signed one. |</doc>
<status status="PASS" starttime="20230123 16:54:07.283" endtime="20230123 16:54:24.578"/>
</kw>
<kw name="Run Keyword And Ignore Error" library="BuiltIn">
<arg>Wait Until Page Contains Element</arg>
<arg>android=UiSelector().text("Dismiss")</arg>
<doc>Runs the given keyword with the given arguments and ignores possible error.</doc>
<kw name="Wait Until Page Contains Element" library="AppiumLibrary">
<arg>android=UiSelector().text("Dismiss")</arg>
<doc>Waits until element specified with `locator` appears on current page.</doc>
<status status="PASS" starttime="20230123 16:54:24.579" endtime="20230123 16:54:30.035"/>
</kw>
<status status="PASS" starttime="20230123 16:54:24.579" endtime="20230123 16:54:30.035"/>
</kw>
<kw name="Run Keyword And Ignore Error" library="BuiltIn">
<arg>Click Element</arg>
<arg>android=UiSelector().text("Dismiss")</arg>
<doc>Runs the given keyword with the given arguments and ignores possible error.</doc>
<kw name="Click Element" library="AppiumLibrary">
<arg>android=UiSelector().text("Dismiss")</arg>
<doc>Click element identified by `locator`.</doc>
<msg timestamp="20230123 16:54:30.040" level="INFO">Clicking element 'android=UiSelector().text("Dismiss")'.</msg>
<status status="PASS" starttime="20230123 16:54:30.036" endtime="20230123 16:54:30.184"/>
</kw>
<status status="PASS" starttime="20230123 16:54:30.035" endtime="20230123 16:54:30.184"/>
</kw>
<kw name="Wait Until Page Contains Element" library="AppiumLibrary">
<arg>android=UiSelector().text("Search")</arg>
<doc>Waits until element specified with `locator` appears on current page.</doc>
<status status="PASS" starttime="20230123 16:54:30.184" endtime="20230123 16:54:31.151"/>
</kw>
<kw name="Click Element" library="AppiumLibrary">
<arg>android=UiSelector().text("Search")</arg>
<doc>Click element identified by `locator`.</doc>
<msg timestamp="20230123 16:54:31.154" level="INFO">Clicking element 'android=UiSelector().text("Search")'.</msg>
<status status="PASS" starttime="20230123 16:54:31.151" endtime="20230123 16:54:32.303"/>
</kw>
<kw name="Wait Until Page Contains Element" library="AppiumLibrary">
<arg>android=UiSelector().text("Arts and humanities")</arg>
<doc>Waits until element specified with `locator` appears on current page.</doc>
<status status="PASS" starttime="20230123 16:54:32.303" endtime="20230123 16:54:32.411"/>
</kw>
<kw name="Click Element" library="AppiumLibrary">
<arg>android=UiSelector().text("Arts and humanities")</arg>
<doc>Click element identified by `locator`.</doc>
<msg timestamp="20230123 16:54:32.414" level="INFO">Clicking element 'android=UiSelector().text("Arts and humanities")'.</msg>
<status status="PASS" starttime="20230123 16:54:32.411" endtime="20230123 16:54:32.620"/>
</kw>
<status status="PASS" starttime="20230123 16:54:07.283" endtime="20230123 16:54:32.620"/>
</test>
<status status="PASS" starttime="20230123 16:54:06.992" endtime="20230123 16:54:32.621"/>
</suite>
<statistics>
<total>
<stat pass="1" fail="0" skip="0">All Tests</stat>
</total>
<tag>
</tag>
<suite>
<stat pass="1" fail="0" skip="0" id="s1" name="Demo4 Uiselector">Demo4 Uiselector</stat>
</suite>
</statistics>
<errors>
</errors>
</robot>
