<?xml version="1.0" encoding="UTF-8"?>
<robot generator="Robot 6.0.2 (Python 3.11.1 on win32)" generated="20230124 17:07:18.008" rpa="false" schemaversion="3">
<suite id="s1" name="Demo12 open emr" source="C:\Robot_projects\Selenium_suite\Demo12_open_emr.robot">
<test id="s1-t1" name="TC2" line="33">
<kw name="Open Browser" library="SeleniumLibrary">
<arg>browser=chrome</arg>
<doc>Opens a new browser instance to the optional ``url``.</doc>
<msg timestamp="20230124 17:07:18.805" level="INFO">Opening browser 'chrome' to base url 'None'.</msg>
<status status="PASS" starttime="20230124 17:07:18.804" endtime="20230124 17:07:23.587"/>
</kw>
<kw name="Run Keyword And Ignore Error" library="BuiltIn">
<var>@{output}</var>
<arg>Click Element</arg>
<arg>xpath=//a</arg>
<doc>Runs the given keyword with the given arguments and ignores possible error.</doc>
<kw name="Click Element" library="SeleniumLibrary">
<arg>xpath=//a</arg>
<doc>Click the element identified by ``locator``.</doc>
<msg timestamp="20230124 17:07:23.593" level="INFO">Clicking element 'xpath=//a'.</msg>
<msg timestamp="20230124 17:07:24.558" level="INFO" html="true">&lt;/td&gt;&lt;/tr&gt;&lt;tr&gt;&lt;td colspan="3"&gt;&lt;a href="selenium-screenshot-81.png"&gt;&lt;img src="selenium-screenshot-81.png" width="800px"&gt;&lt;/a&gt;</msg>
<msg timestamp="20230124 17:07:24.559" level="FAIL">Element with locator 'xpath=//a' not found.</msg>
<status status="FAIL" starttime="20230124 17:07:23.589" endtime="20230124 17:07:24.568"/>
</kw>
<msg timestamp="20230124 17:07:24.569" level="INFO">@{output} = [ FAIL | Element with locator 'xpath=//a' not found. ]</msg>
<status status="PASS" starttime="20230124 17:07:23.588" endtime="20230124 17:07:24.569"/>
</kw>
<kw name="Log To Console" library="BuiltIn">
<arg>@{output}</arg>
<doc>Logs the given message to the console.</doc>
<status status="PASS" starttime="20230124 17:07:24.569" endtime="20230124 17:07:24.570"/>
</kw>
<status status="PASS" starttime="20230124 17:07:18.801" endtime="20230124 17:07:24.572"/>
</test>
<status status="PASS" starttime="20230124 17:07:18.015" endtime="20230124 17:07:24.573"/>
</suite>
<statistics>
<total>
<stat pass="1" fail="0" skip="0">All Tests</stat>
</total>
<tag>
</tag>
<suite>
<stat pass="1" fail="0" skip="0" id="s1" name="Demo12 open emr">Demo12 open emr</stat>
</suite>
</statistics>
<errors>
</errors>
</robot>
